<?xml version="1.0" encoding="UTF-8"?>
<coverage generated="1665039446178" clover="3.2.0">
  <project timestamp="1665039446178" name="All files">
    <metrics statements="10" coveredstatements="8" conditionals="0" coveredconditionals="0" methods="4" coveredmethods="2" elements="14" coveredelements="10" complexity="0" loc="10" ncloc="10" packages="1" files="2" classes="2"/>
    <file name="calculator.js" path="/Users/shreya/Desktop/node/jest-testing/calculator.js">
      <metrics statements="5" coveredstatements="3" conditionals="0" coveredconditionals="0" methods="3" coveredmethods="1"/>
      <line num="1" count="1" type="stmt"/>
      <line num="3" count="1" type="stmt"/>
      <line num="7" count="0" type="stmt"/>
      <line num="11" count="0" type="stmt"/>
      <line num="16" count="1" type="stmt"/>
    </file>
    <file name="index.js" path="/Users/shreya/Desktop/node/jest-testing/index.js">
      <metrics statements="5" coveredstatements="5" conditionals="0" coveredconditionals="0" methods="1" coveredmethods="1"/>
      <line num="1" count="1" type="stmt"/>
      <line num="4" count="1" type="stmt"/>
      <line num="5" count="1" type="stmt"/>
      <line num="6" count="1" type="stmt"/>
      <line num="9" count="1" type="stmt"/>
    </file>
  </project>
</coverage>
